[ 2017-02-24T16:35:38+08:00 ] 127.0.0.1 /mall/index.php/Admin/
INFO: [ app_init ] --START--
INFO: Run Behavior\BuildLiteBehavior [ RunTime:0.000000s ]
INFO: [ app_init ] --END-- [ RunTime:0.003000s ]
INFO: [ app_begin ] --START--
INFO: Run Behavior\ReadHtmlCacheBehavior [ RunTime:0.002001s ]
INFO: [ app_begin ] --END-- [ RunTime:0.004001s ]
INFO: [ view_parse ] --START--
INFO: [ template_filter ] --START--
INFO: Run Behavior\ContentReplaceBehavior [ RunTime:0.019001s ]
INFO: [ template_filter ] --END-- [ RunTime:0.020001s ]
NOTIC: [2] file_put_contents(./Application/Runtime/Cache/Admin/b595b808c2ebeeeb0478ffc30bb4e87a.php): failed to open stream: Permission denied F:\www\mall\ThinkPHP\Library\Think\Storage\Driver\File.class.php 第 47 行.
ERR: _STORAGE_WRITE_ERROR_:./Application/Runtime/Cache/Admin/b595b808c2ebeeeb0478ffc30bb4e87a.php

[ 2017-02-24T16:35:39+08:00 ] 127.0.0.1 /mall/index.php/Admin/
INFO: [ app_init ] --START--
INFO: Run Behavior\BuildLiteBehavior [ RunTime:0.000000s ]
INFO: [ app_init ] --END-- [ RunTime:0.002000s ]
INFO: [ app_begin ] --START--
INFO: Run Behavior\ReadHtmlCacheBehavior [ RunTime:0.001000s ]
INFO: [ app_begin ] --END-- [ RunTime:0.003000s ]
INFO: [ view_parse ] --START--
INFO: [ template_filter ] --START--
INFO: Run Behavior\ContentReplaceBehavior [ RunTime:0.009001s ]
INFO: [ template_filter ] --END-- [ RunTime:0.009001s ]
NOTIC: [2] file_put_contents(./Application/Runtime/Cache/Admin/b595b808c2ebeeeb0478ffc30bb4e87a.php): failed to open stream: Permission denied F:\www\mall\ThinkPHP\Library\Think\Storage\Driver\File.class.php 第 47 行.
ERR: _STORAGE_WRITE_ERROR_:./Application/Runtime/Cache/Admin/b595b808c2ebeeeb0478ffc30bb4e87a.php

[ 2017-02-24T16:35:40+08:00 ] 127.0.0.1 /mall/index.php/Admin/
INFO: [ app_init ] --START--
INFO: Run Behavior\BuildLiteBehavior [ RunTime:0.000000s ]
INFO: [ app_init ] --END-- [ RunTime:0.001000s ]
INFO: [ app_begin ] --START--
INFO: Run Behavior\ReadHtmlCacheBehavior [ RunTime:0.002000s ]
INFO: [ app_begin ] --END-- [ RunTime:0.003000s ]
INFO: [ view_parse ] --START--
INFO: [ template_filter ] --START--
INFO: Run Behavior\ContentReplaceBehavior [ RunTime:0.010001s ]
INFO: [ template_filter ] --END-- [ RunTime:0.010001s ]
NOTIC: [2] file_put_contents(./Application/Runtime/Cache/Admin/b595b808c2ebeeeb0478ffc30bb4e87a.php): failed to open stream: Permission denied F:\www\mall\ThinkPHP\Library\Think\Storage\Driver\File.class.php 第 47 行.
ERR: _STORAGE_WRITE_ERROR_:./Application/Runtime/Cache/Admin/b595b808c2ebeeeb0478ffc30bb4e87a.php

[ 2017-02-24T16:35:41+08:00 ] 127.0.0.1 /mall/index.php/Admin/
INFO: [ app_init ] --START--
INFO: Run Behavior\BuildLiteBehavior [ RunTime:0.000000s ]
INFO: [ app_init ] --END-- [ RunTime:0.001000s ]
INFO: [ app_begin ] --START--
INFO: Run Behavior\ReadHtmlCacheBehavior [ RunTime:0.001000s ]
INFO: [ app_begin ] --END-- [ RunTime:0.001000s ]
INFO: [ view_parse ] --START--
INFO: [ template_filter ] --START--
INFO: Run Behavior\ContentReplaceBehavior [ RunTime:0.008001s ]
INFO: [ template_filter ] --END-- [ RunTime:0.008001s ]
NOTIC: [2] file_put_contents(./Application/Runtime/Cache/Admin/b595b808c2ebeeeb0478ffc30bb4e87a.php): failed to open stream: Permission denied F:\www\mall\ThinkPHP\Library\Think\Storage\Driver\File.class.php 第 47 行.
ERR: _STORAGE_WRITE_ERROR_:./Application/Runtime/Cache/Admin/b595b808c2ebeeeb0478ffc30bb4e87a.php

[ 2017-02-24T16:35:41+08:00 ] 127.0.0.1 /mall/index.php/Admin/
INFO: [ app_init ] --START--
INFO: Run Behavior\BuildLiteBehavior [ RunTime:0.000000s ]
INFO: [ app_init ] --END-- [ RunTime:0.001000s ]
INFO: [ app_begin ] --START--
INFO: Run Behavior\ReadHtmlCacheBehavior [ RunTime:0.001000s ]
INFO: [ app_begin ] --END-- [ RunTime:0.001000s ]
INFO: [ view_parse ] --START--
INFO: [ template_filter ] --START--
INFO: Run Behavior\ContentReplaceBehavior [ RunTime:0.008001s ]
INFO: [ template_filter ] --END-- [ RunTime:0.008001s ]
NOTIC: [2] file_put_contents(./Application/Runtime/Cache/Admin/b595b808c2ebeeeb0478ffc30bb4e87a.php): failed to open stream: Permission denied F:\www\mall\ThinkPHP\Library\Think\Storage\Driver\File.class.php 第 47 行.
ERR: _STORAGE_WRITE_ERROR_:./Application/Runtime/Cache/Admin/b595b808c2ebeeeb0478ffc30bb4e87a.php

[ 2017-02-24T16:43:52+08:00 ] 127.0.0.1 /mall/index.php/Admin/
INFO: [ app_init ] --START--
INFO: Run Behavior\BuildLiteBehavior [ RunTime:0.000000s ]
INFO: [ app_init ] --END-- [ RunTime:0.002000s ]
INFO: [ app_begin ] --START--
INFO: Run Behavior\ReadHtmlCacheBehavior [ RunTime:0.001000s ]
INFO: [ app_begin ] --END-- [ RunTime:0.002000s ]
INFO: [ view_parse ] --START--
INFO: [ template_filter ] --START--
INFO: Run Behavior\ContentReplaceBehavior [ RunTime:0.006000s ]
INFO: [ template_filter ] --END-- [ RunTime:0.006000s ]
NOTIC: [2] file_put_contents(./Application/Runtime/Cache/Admin/b595b808c2ebeeeb0478ffc30bb4e87a.php): failed to open stream: Permission denied F:\www\mall\ThinkPHP\Library\Think\Storage\Driver\File.class.php 第 47 行.
ERR: _STORAGE_WRITE_ERROR_:./Application/Runtime/Cache/Admin/b595b808c2ebeeeb0478ffc30bb4e87a.php

[ 2017-02-24T16:43:53+08:00 ] 127.0.0.1 /mall/index.php/Admin/
INFO: [ app_init ] --START--
INFO: Run Behavior\BuildLiteBehavior [ RunTime:0.000000s ]
INFO: [ app_init ] --END-- [ RunTime:0.001000s ]
INFO: [ app_begin ] --START--
INFO: Run Behavior\ReadHtmlCacheBehavior [ RunTime:0.001000s ]
INFO: [ app_begin ] --END-- [ RunTime:0.001000s ]
INFO: [ view_parse ] --START--
INFO: [ template_filter ] --START--
INFO: Run Behavior\ContentReplaceBehavior [ RunTime:0.005000s ]
INFO: [ template_filter ] --END-- [ RunTime:0.005000s ]
NOTIC: [2] file_put_contents(./Application/Runtime/Cache/Admin/b595b808c2ebeeeb0478ffc30bb4e87a.php): failed to open stream: Permission denied F:\www\mall\ThinkPHP\Library\Think\Storage\Driver\File.class.php 第 47 行.
ERR: _STORAGE_WRITE_ERROR_:./Application/Runtime/Cache/Admin/b595b808c2ebeeeb0478ffc30bb4e87a.php

[ 2017-02-24T16:43:53+08:00 ] 127.0.0.1 /mall/index.php/Admin/
INFO: [ app_init ] --START--
INFO: Run Behavior\BuildLiteBehavior [ RunTime:0.000000s ]
INFO: [ app_init ] --END-- [ RunTime:0.001000s ]
INFO: [ app_begin ] --START--
INFO: Run Behavior\ReadHtmlCacheBehavior [ RunTime:0.002000s ]
INFO: [ app_begin ] --END-- [ RunTime:0.002000s ]
INFO: [ view_parse ] --START--
INFO: [ template_filter ] --START--
INFO: Run Behavior\ContentReplaceBehavior [ RunTime:0.005000s ]
INFO: [ template_filter ] --END-- [ RunTime:0.006000s ]
NOTIC: [2] file_put_contents(./Application/Runtime/Cache/Admin/b595b808c2ebeeeb0478ffc30bb4e87a.php): failed to open stream: Permission denied F:\www\mall\ThinkPHP\Library\Think\Storage\Driver\File.class.php 第 47 行.
ERR: _STORAGE_WRITE_ERROR_:./Application/Runtime/Cache/Admin/b595b808c2ebeeeb0478ffc30bb4e87a.php

[ 2017-02-24T16:43:54+08:00 ] 127.0.0.1 /mall/index.php/Admin/
INFO: [ app_init ] --START--
INFO: Run Behavior\BuildLiteBehavior [ RunTime:0.000000s ]
INFO: [ app_init ] --END-- [ RunTime:0.000000s ]
INFO: [ app_begin ] --START--
INFO: Run Behavior\ReadHtmlCacheBehavior [ RunTime:0.004000s ]
INFO: [ app_begin ] --END-- [ RunTime:0.005000s ]
INFO: [ view_parse ] --START--
INFO: [ template_filter ] --START--
INFO: Run Behavior\ContentReplaceBehavior [ RunTime:0.017001s ]
INFO: [ template_filter ] --END-- [ RunTime:0.019001s ]
NOTIC: [2] file_put_contents(./Application/Runtime/Cache/Admin/b595b808c2ebeeeb0478ffc30bb4e87a.php): failed to open stream: Permission denied F:\www\mall\ThinkPHP\Library\Think\Storage\Driver\File.class.php 第 47 行.
ERR: _STORAGE_WRITE_ERROR_:./Application/Runtime/Cache/Admin/b595b808c2ebeeeb0478ffc30bb4e87a.php

[ 2017-02-24T16:43:55+08:00 ] 127.0.0.1 /mall/index.php/Admin/
INFO: [ app_init ] --START--
INFO: Run Behavior\BuildLiteBehavior [ RunTime:0.000000s ]
INFO: [ app_init ] --END-- [ RunTime:0.002000s ]
INFO: [ app_begin ] --START--
INFO: Run Behavior\ReadHtmlCacheBehavior [ RunTime:0.002000s ]
INFO: [ app_begin ] --END-- [ RunTime:0.002000s ]
INFO: [ view_parse ] --START--
INFO: [ template_filter ] --START--
INFO: Run Behavior\ContentReplaceBehavior [ RunTime:0.016001s ]
INFO: [ template_filter ] --END-- [ RunTime:0.019001s ]
NOTIC: [2] file_put_contents(./Application/Runtime/Cache/Admin/b595b808c2ebeeeb0478ffc30bb4e87a.php): failed to open stream: Permission denied F:\www\mall\ThinkPHP\Library\Think\Storage\Driver\File.class.php 第 47 行.
ERR: _STORAGE_WRITE_ERROR_:./Application/Runtime/Cache/Admin/b595b808c2ebeeeb0478ffc30bb4e87a.php

[ 2017-02-24T16:49:14+08:00 ] 127.0.0.1 /mall/index.php/Admin/
INFO: [ app_init ] --START--
INFO: Run Behavior\BuildLiteBehavior [ RunTime:0.000000s ]
INFO: [ app_init ] --END-- [ RunTime:0.003000s ]
INFO: [ app_begin ] --START--
INFO: Run Behavior\ReadHtmlCacheBehavior [ RunTime:0.002000s ]
INFO: [ app_begin ] --END-- [ RunTime:0.003000s ]
INFO: [ view_parse ] --START--
INFO: [ template_filter ] --START--
INFO: Run Behavior\ContentReplaceBehavior [ RunTime:0.016001s ]
INFO: [ template_filter ] --END-- [ RunTime:0.018001s ]
NOTIC: [2] file_put_contents(./Application/Runtime/Cache/Admin/b595b808c2ebeeeb0478ffc30bb4e87a.php): failed to open stream: Permission denied F:\www\mall\ThinkPHP\Library\Think\Storage\Driver\File.class.php 第 47 行.
ERR: _STORAGE_WRITE_ERROR_:./Application/Runtime/Cache/Admin/b595b808c2ebeeeb0478ffc30bb4e87a.php

[ 2017-02-24T16:49:16+08:00 ] 127.0.0.1 /mall/index.php/Admin/
INFO: [ app_init ] --START--
INFO: Run Behavior\BuildLiteBehavior [ RunTime:0.000000s ]
INFO: [ app_init ] --END-- [ RunTime:0.002000s ]
INFO: [ app_begin ] --START--
INFO: Run Behavior\ReadHtmlCacheBehavior [ RunTime:0.002000s ]
INFO: [ app_begin ] --END-- [ RunTime:0.002000s ]
INFO: [ view_parse ] --START--
INFO: [ template_filter ] --START--
INFO: Run Behavior\ContentReplaceBehavior [ RunTime:0.015001s ]
INFO: [ template_filter ] --END-- [ RunTime:0.017001s ]
NOTIC: [2] file_put_contents(./Application/Runtime/Cache/Admin/b595b808c2ebeeeb0478ffc30bb4e87a.php): failed to open stream: Permission denied F:\www\mall\ThinkPHP\Library\Think\Storage\Driver\File.class.php 第 47 行.
ERR: _STORAGE_WRITE_ERROR_:./Application/Runtime/Cache/Admin/b595b808c2ebeeeb0478ffc30bb4e87a.php

[ 2017-02-24T16:49:16+08:00 ] 127.0.0.1 /mall/index.php/Admin/
INFO: [ app_init ] --START--
INFO: Run Behavior\BuildLiteBehavior [ RunTime:0.001000s ]
INFO: [ app_init ] --END-- [ RunTime:0.002000s ]
INFO: [ app_begin ] --START--
INFO: Run Behavior\ReadHtmlCacheBehavior [ RunTime:0.001000s ]
INFO: [ app_begin ] --END-- [ RunTime:0.002001s ]
INFO: [ view_parse ] --START--
INFO: [ template_filter ] --START--
INFO: Run Behavior\ContentReplaceBehavior [ RunTime:0.009001s ]
INFO: [ template_filter ] --END-- [ RunTime:0.010001s ]
NOTIC: [2] file_put_contents(./Application/Runtime/Cache/Admin/b595b808c2ebeeeb0478ffc30bb4e87a.php): failed to open stream: Permission denied F:\www\mall\ThinkPHP\Library\Think\Storage\Driver\File.class.php 第 47 行.
ERR: _STORAGE_WRITE_ERROR_:./Application/Runtime/Cache/Admin/b595b808c2ebeeeb0478ffc30bb4e87a.php

[ 2017-02-24T16:49:17+08:00 ] 127.0.0.1 /mall/index.php/Admin/
INFO: [ app_init ] --START--
INFO: Run Behavior\BuildLiteBehavior [ RunTime:0.000000s ]
INFO: [ app_init ] --END-- [ RunTime:0.003000s ]
INFO: [ app_begin ] --START--
INFO: Run Behavior\ReadHtmlCacheBehavior [ RunTime:0.002000s ]
INFO: [ app_begin ] --END-- [ RunTime:0.002000s ]
INFO: [ view_parse ] --START--
INFO: [ template_filter ] --START--
INFO: Run Behavior\ContentReplaceBehavior [ RunTime:0.011000s ]
INFO: [ template_filter ] --END-- [ RunTime:0.011000s ]
NOTIC: [2] file_put_contents(./Application/Runtime/Cache/Admin/b595b808c2ebeeeb0478ffc30bb4e87a.php): failed to open stream: Permission denied F:\www\mall\ThinkPHP\Library\Think\Storage\Driver\File.class.php 第 47 行.
ERR: _STORAGE_WRITE_ERROR_:./Application/Runtime/Cache/Admin/b595b808c2ebeeeb0478ffc30bb4e87a.php

[ 2017-02-24T16:49:18+08:00 ] 127.0.0.1 /mall/index.php/Admin/
INFO: [ app_init ] --START--
INFO: Run Behavior\BuildLiteBehavior [ RunTime:0.001001s ]
INFO: [ app_init ] --END-- [ RunTime:0.002001s ]
INFO: [ app_begin ] --START--
INFO: Run Behavior\ReadHtmlCacheBehavior [ RunTime:0.005000s ]
INFO: [ app_begin ] --END-- [ RunTime:0.005000s ]
INFO: [ view_parse ] --START--
INFO: [ template_filter ] --START--
INFO: Run Behavior\ContentReplaceBehavior [ RunTime:0.013001s ]
INFO: [ template_filter ] --END-- [ RunTime:0.013001s ]
NOTIC: [2] file_put_contents(./Application/Runtime/Cache/Admin/b595b808c2ebeeeb0478ffc30bb4e87a.php): failed to open stream: Permission denied F:\www\mall\ThinkPHP\Library\Think\Storage\Driver\File.class.php 第 47 行.
ERR: _STORAGE_WRITE_ERROR_:./Application/Runtime/Cache/Admin/b595b808c2ebeeeb0478ffc30bb4e87a.php

[ 2017-02-24T16:49:19+08:00 ] 127.0.0.1 /mall/index.php/Admin/
INFO: [ app_init ] --START--
INFO: Run Behavior\BuildLiteBehavior [ RunTime:0.001000s ]
INFO: [ app_init ] --END-- [ RunTime:0.003000s ]
INFO: [ app_begin ] --START--
INFO: Run Behavior\ReadHtmlCacheBehavior [ RunTime:0.002000s ]
INFO: [ app_begin ] --END-- [ RunTime:0.003000s ]
INFO: [ view_parse ] --START--
INFO: [ template_filter ] --START--
INFO: Run Behavior\ContentReplaceBehavior [ RunTime:0.019001s ]
INFO: [ template_filter ] --END-- [ RunTime:0.025001s ]
NOTIC: [2] file_put_contents(./Application/Runtime/Cache/Admin/b595b808c2ebeeeb0478ffc30bb4e87a.php): failed to open stream: Permission denied F:\www\mall\ThinkPHP\Library\Think\Storage\Driver\File.class.php 第 47 行.
ERR: _STORAGE_WRITE_ERROR_:./Application/Runtime/Cache/Admin/b595b808c2ebeeeb0478ffc30bb4e87a.php

[ 2017-02-24T16:49:21+08:00 ] 127.0.0.1 /mall/index.php/Admin/
INFO: [ app_init ] --START--
INFO: Run Behavior\BuildLiteBehavior [ RunTime:0.000000s ]
INFO: [ app_init ] --END-- [ RunTime:0.002001s ]
INFO: [ app_begin ] --START--
INFO: Run Behavior\ReadHtmlCacheBehavior [ RunTime:0.001000s ]
INFO: [ app_begin ] --END-- [ RunTime:0.002000s ]
INFO: [ view_parse ] --START--
INFO: [ template_filter ] --START--
INFO: Run Behavior\ContentReplaceBehavior [ RunTime:0.008000s ]
INFO: [ template_filter ] --END-- [ RunTime:0.008000s ]
NOTIC: [2] file_put_contents(./Application/Runtime/Cache/Admin/b595b808c2ebeeeb0478ffc30bb4e87a.php): failed to open stream: Permission denied F:\www\mall\ThinkPHP\Library\Think\Storage\Driver\File.class.php 第 47 行.
ERR: _STORAGE_WRITE_ERROR_:./Application/Runtime/Cache/Admin/b595b808c2ebeeeb0478ffc30bb4e87a.php

[ 2017-02-24T16:51:36+08:00 ] 127.0.0.1 /mall/index.php/Admin/
INFO: [ app_init ] --START--
INFO: Run Behavior\BuildLiteBehavior [ RunTime:0.000000s ]
INFO: [ app_init ] --END-- [ RunTime:0.003001s ]
INFO: [ app_begin ] --START--
INFO: Run Behavior\ReadHtmlCacheBehavior [ RunTime:0.006000s ]
INFO: [ app_begin ] --END-- [ RunTime:0.007000s ]
INFO: [ view_parse ] --START--
INFO: [ template_filter ] --START--
INFO: Run Behavior\ContentReplaceBehavior [ RunTime:0.026002s ]
INFO: [ template_filter ] --END-- [ RunTime:0.028002s ]
NOTIC: [2] file_put_contents(./Application/Runtime/Cache/Admin/b595b808c2ebeeeb0478ffc30bb4e87a.php): failed to open stream: Permission denied F:\www\mall\ThinkPHP\Library\Think\Storage\Driver\File.class.php 第 47 行.
ERR: _STORAGE_WRITE_ERROR_:./Application/Runtime/Cache/Admin/b595b808c2ebeeeb0478ffc30bb4e87a.php

[ 2017-02-24T16:51:37+08:00 ] 127.0.0.1 /mall/index.php/Admin/
INFO: [ app_init ] --START--
INFO: Run Behavior\BuildLiteBehavior [ RunTime:0.001000s ]
INFO: [ app_init ] --END-- [ RunTime:0.002000s ]
INFO: [ app_begin ] --START--
INFO: Run Behavior\ReadHtmlCacheBehavior [ RunTime:0.002000s ]
INFO: [ app_begin ] --END-- [ RunTime:0.002000s ]
INFO: [ view_parse ] --START--
INFO: [ template_filter ] --START--
INFO: Run Behavior\ContentReplaceBehavior [ RunTime:0.011001s ]
INFO: [ template_filter ] --END-- [ RunTime:0.012001s ]
NOTIC: [2] file_put_contents(./Application/Runtime/Cache/Admin/b595b808c2ebeeeb0478ffc30bb4e87a.php): failed to open stream: Permission denied F:\www\mall\ThinkPHP\Library\Think\Storage\Driver\File.class.php 第 47 行.
ERR: _STORAGE_WRITE_ERROR_:./Application/Runtime/Cache/Admin/b595b808c2ebeeeb0478ffc30bb4e87a.php

[ 2017-02-24T17:00:19+08:00 ] 127.0.0.1 /mall/index.php/Admin/
INFO: [ app_init ] --START--
INFO: Run Behavior\BuildLiteBehavior [ RunTime:0.001000s ]
INFO: [ app_init ] --END-- [ RunTime:0.044002s ]
INFO: [ app_begin ] --START--
INFO: Run Behavior\ReadHtmlCacheBehavior [ RunTime:0.002000s ]
INFO: [ app_begin ] --END-- [ RunTime:0.003000s ]
INFO: [ view_parse ] --START--
INFO: [ template_filter ] --START--
INFO: Run Behavior\ContentReplaceBehavior [ RunTime:0.010000s ]
INFO: [ template_filter ] --END-- [ RunTime:0.010000s ]
NOTIC: [2] file_put_contents(./Application/Runtime/Cache/Admin/b595b808c2ebeeeb0478ffc30bb4e87a.php): failed to open stream: Permission denied F:\www\mall\ThinkPHP\Library\Think\Storage\Driver\File.class.php 第 47 行.
ERR: _STORAGE_WRITE_ERROR_:./Application/Runtime/Cache/Admin/b595b808c2ebeeeb0478ffc30bb4e87a.php

[ 2017-02-24T17:00:21+08:00 ] 127.0.0.1 /mall/index.php/Admin/
INFO: [ app_init ] --START--
INFO: Run Behavior\BuildLiteBehavior [ RunTime:0.000000s ]
INFO: [ app_init ] --END-- [ RunTime:0.001000s ]
INFO: [ app_begin ] --START--
INFO: Run Behavior\ReadHtmlCacheBehavior [ RunTime:0.002000s ]
INFO: [ app_begin ] --END-- [ RunTime:0.002000s ]
INFO: [ view_parse ] --START--
INFO: [ template_filter ] --START--
INFO: Run Behavior\ContentReplaceBehavior [ RunTime:0.010000s ]
INFO: [ template_filter ] --END-- [ RunTime:0.010000s ]
NOTIC: [2] file_put_contents(./Application/Runtime/Cache/Admin/b595b808c2ebeeeb0478ffc30bb4e87a.php): failed to open stream: Permission denied F:\www\mall\ThinkPHP\Library\Think\Storage\Driver\File.class.php 第 47 行.
ERR: _STORAGE_WRITE_ERROR_:./Application/Runtime/Cache/Admin/b595b808c2ebeeeb0478ffc30bb4e87a.php

[ 2017-02-24T17:13:51+08:00 ] 127.0.0.1 /mall/index.php/Admin/
INFO: [ app_init ] --START--
INFO: Run Behavior\BuildLiteBehavior [ RunTime:0.000000s ]
INFO: [ app_init ] --END-- [ RunTime:0.004000s ]
INFO: [ app_begin ] --START--
INFO: Run Behavior\ReadHtmlCacheBehavior [ RunTime:0.001000s ]
INFO: [ app_begin ] --END-- [ RunTime:0.003000s ]
INFO: [ view_parse ] --START--
INFO: [ template_filter ] --START--
INFO: Run Behavior\ContentReplaceBehavior [ RunTime:0.013001s ]
INFO: [ template_filter ] --END-- [ RunTime:0.013001s ]
NOTIC: [2] file_put_contents(./Application/Runtime/Cache/Admin/b595b808c2ebeeeb0478ffc30bb4e87a.php): failed to open stream: Permission denied F:\www\mall\ThinkPHP\Library\Think\Storage\Driver\File.class.php 第 47 行.
ERR: _STORAGE_WRITE_ERROR_:./Application/Runtime/Cache/Admin/b595b808c2ebeeeb0478ffc30bb4e87a.php

[ 2017-02-24T17:14:19+08:00 ] 127.0.0.1 /mall/index.php/Admin/
INFO: [ app_init ] --START--
INFO: Run Behavior\BuildLiteBehavior [ RunTime:0.000000s ]
INFO: [ app_init ] --END-- [ RunTime:0.001000s ]
INFO: [ app_begin ] --START--
INFO: Run Behavior\ReadHtmlCacheBehavior [ RunTime:0.002000s ]
INFO: [ app_begin ] --END-- [ RunTime:0.002000s ]
INFO: [ view_parse ] --START--
INFO: [ template_filter ] --START--
INFO: Run Behavior\ContentReplaceBehavior [ RunTime:0.007000s ]
INFO: [ template_filter ] --END-- [ RunTime:0.009000s ]
NOTIC: [2] file_put_contents(./Application/Runtime/Cache/Admin/b595b808c2ebeeeb0478ffc30bb4e87a.php): failed to open stream: Permission denied F:\www\mall\ThinkPHP\Library\Think\Storage\Driver\File.class.php 第 47 行.
ERR: _STORAGE_WRITE_ERROR_:./Application/Runtime/Cache/Admin/b595b808c2ebeeeb0478ffc30bb4e87a.php

